# JRE version: OpenJDK Runtime Environment (11.0.11+9) (build 11.0.11+9-b60-7590822)
# Java VM: OpenJDK 64-Bit Server VM (11.0.11+9-b60-7590822, mixed mode, tiered, compressed oops, g1 gc, windows-amd64)
Heap:
 garbage-first heap   total 540672K, used 217541K [0x0000000080000000, 0x0000000100000000)
  region size 1024K, 14 young (14336K), 14 survivors (14336K)
 Metaspace       used 125439K, capacity 128458K, committed 128520K, reserved 1161216K
  class space    used 15795K, capacity 17001K, committed 17024K, reserved 1048576K
GC Heap History (20 events):
Event: 49.211 GC heap after
{Heap after GC invocations=80 (full 0):
 garbage-first heap   total 407552K, used 200218K [0x0000000080000000, 0x0000000100000000)
  region size 1024K, 8 young (8192K), 8 survivors (8192K)
 Metaspace       used 124556K, capacity 127592K, committed 127752K, reserved 1161216K
  class space    used 15768K, capacity 16976K, committed 17024K, reserved 1048576K
}
Event: 49.619 GC heap before
{Heap before GC invocations=80 (full 0):
 garbage-first heap   total 407552K, used 333338K [0x0000000080000000, 0x0000000100000000)
  region size 1024K, 138 young (141312K), 8 survivors (8192K)
 Metaspace       used 124801K, capacity 127810K, committed 128008K, reserved 1161216K
  class space    used 15768K, capacity 16976K, committed 17024K, reserved 1048576K
}
Event: 49.631 GC heap after
{Heap after GC invocations=81 (full 0):
 garbage-first heap   total 407552K, used 201179K [0x0000000080000000, 0x0000000100000000)
  region size 1024K, 9 young (9216K), 9 survivors (9216K)
 Metaspace       used 124801K, capacity 127810K, committed 128008K, reserved 1161216K
  class space    used 15768K, capacity 16976K, committed 17024K, reserved 1048576K
}
Event: 49.975 GC heap before
{Heap before GC invocations=81 (full 0):
 garbage-first heap   total 407552K, used 339419K [0x0000000080000000, 0x0000000100000000)
  region size 1024K, 145 young (148480K), 9 survivors (9216K)
 Metaspace       used 125033K, capacity 128059K, committed 128264K, reserved 1161216K
  class space    used 15779K, capacity 16985K, committed 17024K, reserved 1048576K
}
Event: 49.991 GC heap after
{Heap after GC invocations=82 (full 0):
 garbage-first heap   total 407552K, used 206804K [0x0000000080000000, 0x0000000100000000)
  region size 1024K, 15 young (15360K), 15 survivors (15360K)
 Metaspace       used 125033K, capacity 128059K, committed 128264K, reserved 1161216K
  class space    used 15779K, capacity 16985K, committed 17024K, reserved 1048576K
}
Event: 50.297 GC heap before
{Heap before GC invocations=82 (full 0):
 garbage-first heap   total 407552K, used 345044K [0x0000000080000000, 0x0000000100000000)
  region size 1024K, 150 young (153600K), 15 survivors (15360K)
 Metaspace       used 125119K, capacity 128129K, committed 128264K, reserved 1161216K
  class space    used 15781K, capacity 16985K, committed 17024K, reserved 1048576K
}
Event: 50.318 GC heap after
{Heap after GC invocations=83 (full 0):
 garbage-first heap   total 407552K, used 212020K [0x0000000080000000, 0x0000000100000000)
  region size 1024K, 15 young (15360K), 15 survivors (15360K)
 Metaspace       used 125119K, capacity 128129K, committed 128264K, reserved 1161216K
  class space    used 15781K, capacity 16985K, committed 17024K, reserved 1048576K
}
Event: 50.570 GC heap before
{Heap before GC invocations=83 (full 0):
 garbage-first heap   total 407552K, used 344116K [0x0000000080000000, 0x0000000100000000)
  region size 1024K, 144 young (147456K), 15 survivors (15360K)
 Metaspace       used 125196K, capacity 128195K, committed 128264K, reserved 1161216K
  class space    used 15782K, capacity 16985K, committed 17024K, reserved 1048576K
}
Event: 50.590 GC heap after
{Heap after GC invocations=84 (full 0):
 garbage-first heap   total 475136K, used 212590K [0x0000000080000000, 0x0000000100000000)
  region size 1024K, 9 young (9216K), 9 survivors (9216K)
 Metaspace       used 125196K, capacity 128195K, committed 128264K, reserved 1161216K
  class space    used 15782K, capacity 16985K, committed 17024K, reserved 1048576K
}
Event: 51.087 GC heap before
{Heap before GC invocations=84 (full 0):
 garbage-first heap   total 475136K, used 377454K [0x0000000080000000, 0x0000000100000000)
  region size 1024K, 170 young (174080K), 9 survivors (9216K)
 Metaspace       used 125289K, capacity 128283K, committed 128520K, reserved 1161216K
  class space    used 15785K, capacity 16989K, committed 17024K, reserved 1048576K
}
Event: 51.100 GC heap after
{Heap after GC invocations=85 (full 0):
 garbage-first heap   total 475136K, used 213289K [0x0000000080000000, 0x0000000100000000)
  region size 1024K, 10 young (10240K), 10 survivors (10240K)
 Metaspace       used 125289K, capacity 128283K, committed 128520K, reserved 1161216K
  class space    used 15785K, capacity 16989K, committed 17024K, reserved 1048576K
}
Event: 51.514 GC heap before
{Heap before GC invocations=85 (full 0):
 garbage-first heap   total 475136K, used 395561K [0x0000000080000000, 0x0000000100000000)
  region size 1024K, 188 young (192512K), 10 survivors (10240K)
 Metaspace       used 125365K, capacity 128371K, committed 128520K, reserved 1161216K
  class space    used 15787K, capacity 16993K, committed 17024K, reserved 1048576K
}
Event: 51.527 GC heap after
{Heap after GC invocations=86 (full 0):
 garbage-first heap   total 475136K, used 214502K [0x0000000080000000, 0x0000000100000000)
  region size 1024K, 11 young (11264K), 11 survivors (11264K)
 Metaspace       used 125365K, capacity 128371K, committed 128520K, reserved 1161216K
  class space    used 15787K, capacity 16993K, committed 17024K, reserved 1048576K
}
Event: 51.918 GC heap before
{Heap before GC invocations=86 (full 0):
 garbage-first heap   total 475136K, used 403942K [0x0000000080000000, 0x0000000100000000)
  region size 1024K, 196 young (200704K), 11 survivors (11264K)
 Metaspace       used 125382K, capacity 128373K, committed 128520K, reserved 1161216K
  class space    used 15787K, capacity 16994K, committed 17024K, reserved 1048576K
}
Event: 51.933 GC heap after
{Heap after GC invocations=87 (full 0):
 garbage-first heap   total 475136K, used 216417K [0x0000000080000000, 0x0000000100000000)
  region size 1024K, 13 young (13312K), 13 survivors (13312K)
 Metaspace       used 125382K, capacity 128373K, committed 128520K, reserved 1161216K
  class space    used 15787K, capacity 16994K, committed 17024K, reserved 1048576K
}
Event: 52.342 GC heap before
{Heap before GC invocations=87 (full 0):
 garbage-first heap   total 475136K, used 407905K [0x0000000080000000, 0x0000000100000000)
  region size 1024K, 200 young (204800K), 13 survivors (13312K)
 Metaspace       used 125416K, capacity 128446K, committed 128520K, reserved 1161216K
  class space    used 15792K, capacity 16997K, committed 17024K, reserved 1048576K
}
Event: 52.357 GC heap after
{Heap after GC invocations=88 (full 0):
 garbage-first heap   total 475136K, used 215203K [0x0000000080000000, 0x0000000100000000)
  region size 1024K, 12 young (12288K), 12 survivors (12288K)
 Metaspace       used 125416K, capacity 128446K, committed 128520K, reserved 1161216K
  class space    used 15792K, capacity 16997K, committed 17024K, reserved 1048576K
}
Event: 52.776 GC heap before
{Heap before GC invocations=88 (full 0):
 garbage-first heap   total 475136K, used 412835K [0x0000000080000000, 0x0000000100000000)
  region size 1024K, 206 young (210944K), 12 survivors (12288K)
 Metaspace       used 125434K, capacity 128457K, committed 128520K, reserved 1161216K
  class space    used 15795K, capacity 17001K, committed 17024K, reserved 1048576K
}
Event: 52.792 GC heap after
{Heap after GC invocations=89 (full 0):
 garbage-first heap   total 475136K, used 215932K [0x0000000080000000, 0x0000000100000000)
  region size 1024K, 13 young (13312K), 13 survivors (13312K)
 Metaspace       used 125434K, capacity 128457K, committed 128520K, reserved 1161216K
  class space    used 15795K, capacity 17001K, committed 17024K, reserved 1048576K
}
Event: 53.211 GC heap before
{Heap before GC invocations=89 (full 0):
 garbage-first heap   total 475136K, used 412540K [0x0000000080000000, 0x0000000100000000)
  region size 1024K, 205 young (209920K), 13 survivors (13312K)
 Metaspace       used 125439K, capacity 128458K, committed 128520K, reserved 1161216K
  class space    used 15795K, capacity 17001K, committed 17024K, reserved 1048576K
}

